# JRE version: OpenJDK Runtime Environment (21.0.7) (build 21.0.7+-13880790-b1038.58)
# Java VM: OpenJDK 64-Bit Server VM (21.0.7+-13880790-b1038.58, mixed mode, tiered, compressed oops, compressed class ptrs, g1 gc, windows-amd64)
GC Precious Log:
 CardTable entry size: 512
 Card Set container configuration: InlinePtr #cards 5 size 8 Array Of Cards #cards 12 size 40 Howl #buckets 4 coarsen threshold 1843 Howl Bitmap #cards 512 size 80 coarsen threshold 460 Card regions per heap region 1 cards per card region 2048
 CPUs: 12 total, 12 available
 Memory: 16147M
 Large Page Support: Disabled
 NUMA Support: Disabled
 Compressed Oops: Enabled (32-bit)
 Heap Region Size: 1M
 Heap Min Capacity: 8M
 Heap Initial Capacity: 254M
 Heap Max Capacity: 2G
 Pre-touch: Disabled
 Parallel Workers: 10
 Concurrent Workers: 3
 Concurrent Refinement Workers: 10
 Periodic GC: Disabled
Heap:
 garbage-first heap   total 319488K, used 227726K [0x0000000080000000, 0x0000000100000000)
  region size 1024K, 37 young (37888K), 9 survivors (9216K)
 Metaspace       used 133838K, committed 136320K, reserved 1179648K
  class space    used 18156K, committed 19392K, reserved 1048576K
GC Heap History (20 events):
Event: 12.686 GC heap before
{Heap before GC invocations=31 (full 0):
 garbage-first heap   total 193536K, used 135676K [0x0000000080000000, 0x0000000100000000)
  region size 1024K, 7 young (7168K), 2 survivors (2048K)
 Metaspace       used 88801K, committed 90752K, reserved 1179648K
  class space    used 12612K, committed 13568K, reserved 1048576K
}
Event: 12.690 GC heap after
{Heap after GC invocations=32 (full 0):
 garbage-first heap   total 193536K, used 133003K [0x0000000080000000, 0x0000000100000000)
  region size 1024K, 3 young (3072K), 3 survivors (3072K)
 Metaspace       used 88801K, committed 90752K, reserved 1179648K
  class space    used 12612K, committed 13568K, reserved 1048576K
}
Event: 13.059 GC heap before
{Heap before GC invocations=33 (full 0):
 garbage-first heap   total 229376K, used 178059K [0x0000000080000000, 0x0000000100000000)
  region size 1024K, 42 young (43008K), 3 survivors (3072K)
 Metaspace       used 90892K, committed 92864K, reserved 1179648K
  class space    used 12908K, committed 13888K, reserved 1048576K
}
Event: 13.063 GC heap after
{Heap after GC invocations=34 (full 0):
 garbage-first heap   total 229376K, used 137480K [0x0000000080000000, 0x0000000100000000)
  region size 1024K, 6 young (6144K), 6 survivors (6144K)
 Metaspace       used 90892K, committed 92864K, reserved 1179648K
  class space    used 12908K, committed 13888K, reserved 1048576K
}
Event: 13.773 GC heap before
{Heap before GC invocations=34 (full 0):
 garbage-first heap   total 229376K, used 192776K [0x0000000080000000, 0x0000000100000000)
  region size 1024K, 61 young (62464K), 6 survivors (6144K)
 Metaspace       used 96841K, committed 98880K, reserved 1179648K
  class space    used 13639K, committed 14656K, reserved 1048576K
}
Event: 13.779 GC heap after
{Heap after GC invocations=35 (full 0):
 garbage-first heap   total 229376K, used 139598K [0x0000000080000000, 0x0000000100000000)
  region size 1024K, 7 young (7168K), 7 survivors (7168K)
 Metaspace       used 96841K, committed 98880K, reserved 1179648K
  class space    used 13639K, committed 14656K, reserved 1048576K
}
Event: 14.419 GC heap before
{Heap before GC invocations=35 (full 0):
 garbage-first heap   total 229376K, used 201038K [0x0000000080000000, 0x0000000100000000)
  region size 1024K, 64 young (65536K), 7 survivors (7168K)
 Metaspace       used 100969K, committed 102976K, reserved 1179648K
  class space    used 14231K, committed 15232K, reserved 1048576K
}
Event: 14.425 GC heap after
{Heap after GC invocations=36 (full 0):
 garbage-first heap   total 229376K, used 145633K [0x0000000080000000, 0x0000000100000000)
  region size 1024K, 6 young (6144K), 6 survivors (6144K)
 Metaspace       used 100969K, committed 102976K, reserved 1179648K
  class space    used 14231K, committed 15232K, reserved 1048576K
}
Event: 15.902 GC heap before
{Heap before GC invocations=36 (full 0):
 garbage-first heap   total 229376K, used 205025K [0x0000000080000000, 0x0000000100000000)
  region size 1024K, 64 young (65536K), 6 survivors (6144K)
 Metaspace       used 106169K, committed 108288K, reserved 1179648K
  class space    used 14911K, committed 15936K, reserved 1048576K
}
Event: 15.910 GC heap after
{Heap after GC invocations=37 (full 0):
 garbage-first heap   total 229376K, used 151036K [0x0000000080000000, 0x0000000100000000)
  region size 1024K, 8 young (8192K), 8 survivors (8192K)
 Metaspace       used 106169K, committed 108288K, reserved 1179648K
  class space    used 14911K, committed 15936K, reserved 1048576K
}
Event: 16.828 GC heap before
{Heap before GC invocations=38 (full 0):
 garbage-first heap   total 252928K, used 213500K [0x0000000080000000, 0x0000000100000000)
  region size 1024K, 63 young (64512K), 8 survivors (8192K)
 Metaspace       used 113520K, committed 115648K, reserved 1179648K
  class space    used 15791K, committed 16832K, reserved 1048576K
}
Event: 16.835 GC heap after
{Heap after GC invocations=39 (full 0):
 garbage-first heap   total 252928K, used 161739K [0x0000000080000000, 0x0000000100000000)
  region size 1024K, 4 young (4096K), 4 survivors (4096K)
 Metaspace       used 113520K, committed 115648K, reserved 1179648K
  class space    used 15791K, committed 16832K, reserved 1048576K
}
Event: 17.094 GC heap before
{Heap before GC invocations=39 (full 0):
 garbage-first heap   total 252928K, used 231371K [0x0000000080000000, 0x0000000100000000)
  region size 1024K, 71 young (72704K), 4 survivors (4096K)
 Metaspace       used 113651K, committed 115776K, reserved 1179648K
  class space    used 15796K, committed 16832K, reserved 1048576K
}
Event: 17.111 GC heap after
{Heap after GC invocations=40 (full 0):
 garbage-first heap   total 259072K, used 175904K [0x0000000080000000, 0x0000000100000000)
  region size 1024K, 9 young (9216K), 9 survivors (9216K)
 Metaspace       used 113651K, committed 115776K, reserved 1179648K
  class space    used 15796K, committed 16832K, reserved 1048576K
}
Event: 17.623 GC heap before
{Heap before GC invocations=40 (full 0):
 garbage-first heap   total 259072K, used 228128K [0x0000000080000000, 0x0000000100000000)
  region size 1024K, 61 young (62464K), 9 survivors (9216K)
 Metaspace       used 117753K, committed 119936K, reserved 1179648K
  class space    used 16281K, committed 17344K, reserved 1048576K
}
Event: 17.634 GC heap after
{Heap after GC invocations=41 (full 0):
 garbage-first heap   total 259072K, used 185075K [0x0000000080000000, 0x0000000100000000)
  region size 1024K, 8 young (8192K), 8 survivors (8192K)
 Metaspace       used 117753K, committed 119936K, reserved 1179648K
  class space    used 16281K, committed 17344K, reserved 1048576K
}
Event: 18.404 GC heap before
{Heap before GC invocations=42 (full 0):
 garbage-first heap   total 319488K, used 239347K [0x0000000080000000, 0x0000000100000000)
  region size 1024K, 55 young (56320K), 8 survivors (8192K)
 Metaspace       used 122522K, committed 124608K, reserved 1179648K
  class space    used 16712K, committed 17728K, reserved 1048576K
}
Event: 18.410 GC heap after
{Heap after GC invocations=43 (full 0):
 garbage-first heap   total 319488K, used 195924K [0x0000000080000000, 0x0000000100000000)
  region size 1024K, 5 young (5120K), 5 survivors (5120K)
 Metaspace       used 122522K, committed 124608K, reserved 1179648K
  class space    used 16712K, committed 17728K, reserved 1048576K
}
Event: 19.824 GC heap before
{Heap before GC invocations=43 (full 0):
 garbage-first heap   total 319488K, used 275796K [0x0000000080000000, 0x0000000100000000)
  region size 1024K, 83 young (84992K), 5 survivors (5120K)
 Metaspace       used 132979K, committed 135360K, reserved 1179648K
  class space    used 18084K, committed 19264K, reserved 1048576K
}
Event: 19.831 GC heap after
{Heap after GC invocations=44 (full 0):
 garbage-first heap   total 319488K, used 199054K [0x0000000080000000, 0x0000000100000000)
  region size 1024K, 9 young (9216K), 9 survivors (9216K)
 Metaspace       used 132979K, committed 135360K, reserved 1179648K
  class space    used 18084K, committed 19264K, reserved 1048576K
}

