# JRE version: OpenJDK Runtime Environment (21.0.7) (build 21.0.7+-13880790-b1038.58)
# Java VM: OpenJDK 64-Bit Server VM (21.0.7+-13880790-b1038.58, mixed mode, tiered, compressed oops, compressed class ptrs, g1 gc, windows-amd64)
GC Precious Log:
 CardTable entry size: 512
 Card Set container configuration: InlinePtr #cards 5 size 8 Array Of Cards #cards 12 size 40 Howl #buckets 4 coarsen threshold 1843 Howl Bitmap #cards 512 size 80 coarsen threshold 460 Card regions per heap region 1 cards per card region 2048
 CPUs: 12 total, 12 available
 Memory: 16147M
 Large Page Support: Disabled
 NUMA Support: Disabled
 Compressed Oops: Enabled (32-bit)
 Heap Region Size: 1M
 Heap Min Capacity: 8M
 Heap Initial Capacity: 254M
 Heap Max Capacity: 2G
 Pre-touch: Disabled
 Parallel Workers: 10
 Concurrent Workers: 3
 Concurrent Refinement Workers: 10
 Periodic GC: Disabled
Heap:
 garbage-first heap   total 270336K, used 198997K [0x0000000080000000, 0x0000000100000000)
  region size 1024K, 10 young (10240K), 5 survivors (5120K)
 Metaspace       used 123605K, committed 125824K, reserved 1179648K
  class space    used 16826K, committed 17920K, reserved 1048576K
GC Heap History (20 events):
Event: 9.912 GC heap before
{Heap before GC invocations=26 (full 0):
 garbage-first heap   total 181248K, used 164058K [0x0000000080000000, 0x0000000100000000)
  region size 1024K, 42 young (43008K), 6 survivors (6144K)
 Metaspace       used 77854K, committed 79744K, reserved 1179648K
  class space    used 10733K, committed 11648K, reserved 1048576K
}
Event: 9.915 GC heap after
{Heap after GC invocations=27 (full 0):
 garbage-first heap   total 222208K, used 129295K [0x0000000080000000, 0x0000000100000000)
  region size 1024K, 2 young (2048K), 2 survivors (2048K)
 Metaspace       used 77854K, committed 79744K, reserved 1179648K
  class space    used 10733K, committed 11648K, reserved 1048576K
}
Event: 10.650 GC heap before
{Heap before GC invocations=27 (full 0):
 garbage-first heap   total 222208K, used 203023K [0x0000000080000000, 0x0000000100000000)
  region size 1024K, 70 young (71680K), 2 survivors (2048K)
 Metaspace       used 84441K, committed 86400K, reserved 1179648K
  class space    used 11608K, committed 12544K, reserved 1048576K
}
Event: 10.654 GC heap after
{Heap after GC invocations=28 (full 0):
 garbage-first heap   total 222208K, used 135406K [0x0000000080000000, 0x0000000100000000)
  region size 1024K, 7 young (7168K), 7 survivors (7168K)
 Metaspace       used 84441K, committed 86400K, reserved 1179648K
  class space    used 11608K, committed 12544K, reserved 1048576K
}
Event: 11.417 GC heap before
{Heap before GC invocations=28 (full 0):
 garbage-first heap   total 222208K, used 200942K [0x0000000080000000, 0x0000000100000000)
  region size 1024K, 72 young (73728K), 7 survivors (7168K)
 Metaspace       used 90283K, committed 92224K, reserved 1179648K
  class space    used 12328K, committed 13312K, reserved 1048576K
}
Event: 11.422 GC heap after
{Heap after GC invocations=29 (full 0):
 garbage-first heap   total 222208K, used 138877K [0x0000000080000000, 0x0000000100000000)
  region size 1024K, 4 young (4096K), 4 survivors (4096K)
 Metaspace       used 90283K, committed 92224K, reserved 1179648K
  class space    used 12328K, committed 13312K, reserved 1048576K
}
Event: 11.941 GC heap before
{Heap before GC invocations=29 (full 0):
 garbage-first heap   total 222208K, used 195197K [0x0000000080000000, 0x0000000100000000)
  region size 1024K, 60 young (61440K), 4 survivors (4096K)
 Metaspace       used 95497K, committed 97536K, reserved 1179648K
  class space    used 13017K, committed 14016K, reserved 1048576K
}
Event: 11.944 GC heap after
{Heap after GC invocations=30 (full 0):
 garbage-first heap   total 222208K, used 141179K [0x0000000080000000, 0x0000000100000000)
  region size 1024K, 6 young (6144K), 6 survivors (6144K)
 Metaspace       used 95497K, committed 97536K, reserved 1179648K
  class space    used 13017K, committed 14016K, reserved 1048576K
}
Event: 12.717 GC heap before
{Heap before GC invocations=31 (full 0):
 garbage-first heap   total 242688K, used 204667K [0x0000000080000000, 0x0000000100000000)
  region size 1024K, 65 young (66560K), 6 survivors (6144K)
 Metaspace       used 99464K, committed 101440K, reserved 1179648K
  class space    used 13589K, committed 14592K, reserved 1048576K
}
Event: 12.723 GC heap after
{Heap after GC invocations=32 (full 0):
 garbage-first heap   total 242688K, used 150446K [0x0000000080000000, 0x0000000100000000)
  region size 1024K, 9 young (9216K), 9 survivors (9216K)
 Metaspace       used 99464K, committed 101440K, reserved 1179648K
  class space    used 13589K, committed 14592K, reserved 1048576K
}
Event: 13.814 GC heap before
{Heap before GC invocations=32 (full 0):
 garbage-first heap   total 242688K, used 219054K [0x0000000080000000, 0x0000000100000000)
  region size 1024K, 76 young (77824K), 9 survivors (9216K)
 Metaspace       used 110780K, committed 112896K, reserved 1179648K
  class space    used 15427K, committed 16448K, reserved 1048576K
}
Event: 13.819 GC heap after
{Heap after GC invocations=33 (full 0):
 garbage-first heap   total 242688K, used 150931K [0x0000000080000000, 0x0000000100000000)
  region size 1024K, 3 young (3072K), 3 survivors (3072K)
 Metaspace       used 110780K, committed 112896K, reserved 1179648K
  class space    used 15427K, committed 16448K, reserved 1048576K
}
Event: 13.923 GC heap before
{Heap before GC invocations=33 (full 0):
 garbage-first heap   total 242688K, used 160147K [0x0000000080000000, 0x0000000100000000)
  region size 1024K, 13 young (13312K), 3 survivors (3072K)
 Metaspace       used 112077K, committed 114176K, reserved 1179648K
  class space    used 15607K, committed 16640K, reserved 1048576K
}
Event: 13.926 GC heap after
{Heap after GC invocations=34 (full 0):
 garbage-first heap   total 242688K, used 150996K [0x0000000080000000, 0x0000000100000000)
  region size 1024K, 3 young (3072K), 3 survivors (3072K)
 Metaspace       used 112077K, committed 114176K, reserved 1179648K
  class space    used 15607K, committed 16640K, reserved 1048576K
}
Event: 14.319 GC heap before
{Heap before GC invocations=35 (full 0):
 garbage-first heap   total 265216K, used 232916K [0x0000000080000000, 0x0000000100000000)
  region size 1024K, 75 young (76800K), 3 survivors (3072K)
 Metaspace       used 112515K, committed 114624K, reserved 1179648K
  class space    used 15620K, committed 16640K, reserved 1048576K
}
Event: 14.335 GC heap after
{Heap after GC invocations=36 (full 0):
 garbage-first heap   total 265216K, used 174641K [0x0000000080000000, 0x0000000100000000)
  region size 1024K, 10 young (10240K), 10 survivors (10240K)
 Metaspace       used 112515K, committed 114624K, reserved 1179648K
  class space    used 15620K, committed 16640K, reserved 1048576K
}
Event: 14.822 GC heap before
{Heap before GC invocations=36 (full 0):
 garbage-first heap   total 265216K, used 244273K [0x0000000080000000, 0x0000000100000000)
  region size 1024K, 71 young (72704K), 10 survivors (10240K)
 Metaspace       used 116766K, committed 118848K, reserved 1179648K
  class space    used 16133K, committed 17152K, reserved 1048576K
}
Event: 14.854 GC heap after
{Heap after GC invocations=37 (full 0):
 garbage-first heap   total 267264K, used 190893K [0x0000000080000000, 0x0000000100000000)
  region size 1024K, 9 young (9216K), 9 survivors (9216K)
 Metaspace       used 116766K, committed 118848K, reserved 1179648K
  class space    used 16133K, committed 17152K, reserved 1048576K
}
Event: 15.554 GC heap before
{Heap before GC invocations=37 (full 0):
 garbage-first heap   total 267264K, used 243117K [0x0000000080000000, 0x0000000100000000)
  region size 1024K, 60 young (61440K), 9 survivors (9216K)
 Metaspace       used 123263K, committed 125568K, reserved 1179648K
  class space    used 16780K, committed 17920K, reserved 1048576K
}
Event: 15.559 GC heap after
{Heap after GC invocations=38 (full 0):
 garbage-first heap   total 267264K, used 195925K [0x0000000080000000, 0x0000000100000000)
  region size 1024K, 5 young (5120K), 5 survivors (5120K)
 Metaspace       used 123263K, committed 125568K, reserved 1179648K
  class space    used 16780K, committed 17920K, reserved 1048576K
}

